<?xml version="1.0" encoding="UTF-8"?>
<!-- Generated by org.testng.reporters.JUnitXMLReporter -->
<testsuite ignored="0" hostname="shikha-pc" failures="0" tests="3" name="Default test" time="0.101" errors="0" timestamp="2021-01-20T19:29:01 IST">
  <testcase classname="TestNG.AnnotationTest" name="test1" time="0.012"/>
  <testcase classname="TestNG.AnnotationTest" name="test3" time="0.005"/>
  <testcase classname="TestNG.AnnotationTest" name="test2" time="0.002"/>
</testsuite> <!-- Default test -->
